lin zhang--2021-04-14 15:44:15,549--INFO--打开网址
lin zhang--2021-04-14 15:44:16,183--INFO--输入用户名lily
lin zhang--2021-04-14 15:44:16,534--INFO--输入密码123456
lin zhang--2021-04-14 16:01:02,808--INFO--打开网址
lin zhang--2021-04-14 16:01:09,148--INFO--输入用户名lily
lin zhang--2021-04-14 16:01:10,158--INFO--输入密码123456
lin zhang--2021-04-14 16:13:01,919--INFO--打开网址
lin zhang--2021-04-14 16:13:03,605--INFO--输入用户名admin
lin zhang--2021-04-14 16:13:03,823--INFO--输入密码admin
lin zhang--2021-04-14 16:13:22,479--INFO--打开网址
lin zhang--2021-04-14 16:13:23,029--INFO--输入用户名
lin zhang--2021-04-14 16:13:23,384--INFO--输入密码
lin zhang--2021-04-14 16:13:39,290--INFO--打开网址
lin zhang--2021-04-14 16:13:39,837--INFO--输入用户名lily
lin zhang--2021-04-14 16:13:40,244--INFO--输入密码123456
lin zhang--2021-04-14 16:14:01,388--INFO--打开网址
lin zhang--2021-04-14 16:14:02,034--INFO--输入用户名admin
lin zhang--2021-04-14 16:14:02,267--INFO--输入密码admin
lin zhang--2021-04-14 16:14:32,157--INFO--打开网址
lin zhang--2021-04-14 16:14:32,503--INFO--输入用户名admin
lin zhang--2021-04-14 16:14:33,023--INFO--输入密码admin
lin zhang--2021-04-14 16:16:06,718--INFO--打开网址
lin zhang--2021-04-14 16:16:07,900--INFO--输入用户名admin
lin zhang--2021-04-14 16:16:08,188--INFO--输入密码admin
lin zhang--2021-04-14 16:16:22,962--INFO--打开网址
lin zhang--2021-04-14 16:16:23,333--INFO--输入用户名
lin zhang--2021-04-14 16:16:23,913--INFO--输入密码
lin zhang--2021-04-14 16:16:37,461--INFO--打开网址
lin zhang--2021-04-14 16:16:38,081--INFO--输入用户名lily
lin zhang--2021-04-14 16:16:38,332--INFO--输入密码123456
lin zhang--2021-04-14 16:16:51,568--INFO--打开网址
lin zhang--2021-04-14 16:16:52,117--INFO--输入用户名admin
lin zhang--2021-04-14 16:16:52,361--INFO--输入密码admin
lin zhang--2021-04-14 16:17:11,407--INFO--打开网址
lin zhang--2021-04-14 16:17:12,378--INFO--输入用户名admin
lin zhang--2021-04-14 16:17:12,912--INFO--输入密码admin
lin zhang--2021-04-14 16:34:21,011--INFO--打开网址
lin zhang--2021-04-14 16:34:21,547--INFO--输入用户名admin
lin zhang--2021-04-14 16:34:22,099--INFO--输入密码admin
lin zhang--2021-04-14 16:34:36,963--INFO--打开网址
lin zhang--2021-04-14 16:34:37,434--INFO--输入用户名
lin zhang--2021-04-14 16:34:37,811--INFO--输入密码
lin zhang--2021-04-14 16:34:51,391--INFO--打开网址
lin zhang--2021-04-14 16:34:52,409--INFO--输入用户名lily
lin zhang--2021-04-14 16:34:52,886--INFO--输入密码123456
lin zhang--2021-04-14 16:35:08,069--INFO--打开网址
lin zhang--2021-04-14 16:35:08,940--INFO--输入用户名admin
lin zhang--2021-04-14 16:35:09,356--INFO--输入密码admin
lin zhang--2021-04-14 16:35:26,626--INFO--打开网址
lin zhang--2021-04-14 16:35:27,765--INFO--输入用户名admin
lin zhang--2021-04-14 16:35:28,099--INFO--输入密码admin
lin zhang--2021-04-14 16:38:48,740--INFO--打开网址
lin zhang--2021-04-14 16:38:49,670--INFO--输入用户名admin
lin zhang--2021-04-14 16:38:49,876--INFO--输入密码admin
lin zhang--2021-04-14 16:39:04,786--INFO--打开网址
lin zhang--2021-04-14 16:39:05,188--INFO--输入用户名
lin zhang--2021-04-14 16:39:05,542--INFO--输入密码
lin zhang--2021-04-14 16:39:17,886--INFO--打开网址
lin zhang--2021-04-14 16:39:18,602--INFO--输入用户名lily
lin zhang--2021-04-14 16:39:18,848--INFO--输入密码123456
lin zhang--2021-04-14 16:39:33,153--INFO--打开网址
lin zhang--2021-04-14 16:39:33,690--INFO--输入用户名admin
lin zhang--2021-04-14 16:39:33,888--INFO--输入密码admin
lin zhang--2021-04-14 16:39:51,830--INFO--打开网址
lin zhang--2021-04-14 16:39:52,238--INFO--输入用户名admin
lin zhang--2021-04-14 16:39:52,592--INFO--输入密码admin
lin zhang--2021-04-14 16:59:36,380--INFO--打开网址
lin zhang--2021-04-14 16:59:36,803--INFO--输入用户名admin
lin zhang--2021-04-14 16:59:37,118--INFO--输入密码admin
lin zhang--2021-04-14 16:59:51,465--INFO--打开网址
lin zhang--2021-04-14 16:59:51,955--INFO--输入用户名
lin zhang--2021-04-14 16:59:52,225--INFO--输入密码
lin zhang--2021-04-14 17:00:05,070--INFO--打开网址
lin zhang--2021-04-14 17:00:05,653--INFO--输入用户名lily
lin zhang--2021-04-14 17:00:05,863--INFO--输入密码123456
lin zhang--2021-04-14 17:00:18,655--INFO--打开网址
lin zhang--2021-04-14 17:00:19,317--INFO--输入用户名admin
lin zhang--2021-04-14 17:00:19,563--INFO--输入密码admin
lin zhang--2021-04-14 17:00:38,682--INFO--打开网址
lin zhang--2021-04-14 17:00:39,325--INFO--输入用户名admin
lin zhang--2021-04-14 17:00:39,747--INFO--输入密码admin
lin zhang--2021-04-14 17:24:48,003--INFO--打开网址
lin zhang--2021-04-14 17:24:49,769--INFO--输入用户名admin
lin zhang--2021-04-14 17:24:50,221--INFO--输入密码admin
lin zhang--2021-04-14 17:25:06,540--INFO--打开网址
lin zhang--2021-04-14 17:25:06,934--INFO--输入用户名
lin zhang--2021-04-14 17:25:07,142--INFO--输入密码
lin zhang--2021-04-14 17:25:20,480--INFO--打开网址
lin zhang--2021-04-14 17:25:21,123--INFO--输入用户名lily
lin zhang--2021-04-14 17:25:21,284--INFO--输入密码123456
lin zhang--2021-04-14 17:25:35,309--INFO--打开网址
lin zhang--2021-04-14 17:25:35,606--INFO--输入用户名admin
lin zhang--2021-04-14 17:25:35,889--INFO--输入密码admin
lin zhang--2021-04-14 17:25:57,634--INFO--打开网址
lin zhang--2021-04-14 17:25:58,135--INFO--输入用户名admin
lin zhang--2021-04-14 17:25:58,289--INFO--输入密码admin
