lin zhang--2021-04-15 11:01:11,445--INFO--打开网址
lin zhang--2021-04-15 11:01:19,490--INFO--输入用户名admin
lin zhang--2021-04-15 11:01:20,755--INFO--输入密码admin
lin zhang--2021-04-15 11:01:43,994--INFO--打开网址
lin zhang--2021-04-15 11:01:44,728--INFO--输入用户名
lin zhang--2021-04-15 11:01:44,890--INFO--输入密码
lin zhang--2021-04-15 11:01:58,585--INFO--打开网址
lin zhang--2021-04-15 11:01:59,274--INFO--输入用户名lily
lin zhang--2021-04-15 11:01:59,772--INFO--输入密码123456
lin zhang--2021-04-15 11:02:16,943--INFO--打开网址
lin zhang--2021-04-15 11:02:17,266--INFO--输入用户名admin
lin zhang--2021-04-15 11:02:17,671--INFO--输入密码admin
lin zhang--2021-04-15 11:02:41,244--INFO--打开网址
lin zhang--2021-04-15 11:02:41,841--INFO--输入用户名admin
lin zhang--2021-04-15 11:02:42,042--INFO--输入密码admin
lin zhang--2021-04-15 11:08:52,503--INFO--打开网址
lin zhang--2021-04-15 11:08:54,338--INFO--输入用户名admin
lin zhang--2021-04-15 11:08:54,528--INFO--输入密码admin
lin zhang--2021-04-15 11:09:08,215--INFO--打开网址
lin zhang--2021-04-15 11:09:08,763--INFO--输入用户名
lin zhang--2021-04-15 11:09:09,171--INFO--输入密码
lin zhang--2021-04-15 11:09:23,668--INFO--打开网址
lin zhang--2021-04-15 11:09:24,176--INFO--输入用户名lily
lin zhang--2021-04-15 11:09:24,686--INFO--输入密码123456
lin zhang--2021-04-15 11:09:39,203--INFO--打开网址
lin zhang--2021-04-15 11:09:39,783--INFO--输入用户名admin
lin zhang--2021-04-15 11:09:40,498--INFO--输入密码admin
lin zhang--2021-04-15 11:09:57,605--INFO--打开网址
lin zhang--2021-04-15 11:09:58,299--INFO--输入用户名admin
lin zhang--2021-04-15 11:09:58,698--INFO--输入密码admin
lin zhang--2021-04-15 11:11:53,801--INFO--打开网址
lin zhang--2021-04-15 11:11:54,111--INFO--输入用户名admin
lin zhang--2021-04-15 11:11:54,662--INFO--输入密码admin
lin zhang--2021-04-15 11:12:08,225--INFO--打开网址
lin zhang--2021-04-15 11:12:08,885--INFO--输入用户名
lin zhang--2021-04-15 11:12:09,129--INFO--输入密码
lin zhang--2021-04-15 11:12:22,593--INFO--打开网址
lin zhang--2021-04-15 11:12:23,134--INFO--输入用户名lily
lin zhang--2021-04-15 11:12:23,488--INFO--输入密码123456
lin zhang--2021-04-15 11:12:37,421--INFO--打开网址
lin zhang--2021-04-15 11:12:37,945--INFO--输入用户名admin
lin zhang--2021-04-15 11:12:38,243--INFO--输入密码admin
lin zhang--2021-04-15 11:12:56,548--INFO--打开网址
lin zhang--2021-04-15 11:12:56,920--INFO--输入用户名admin
lin zhang--2021-04-15 11:12:57,191--INFO--输入密码admin
lin zhang--2021-04-15 11:14:58,466--INFO--打开网址
lin zhang--2021-04-15 11:14:59,045--INFO--输入用户名admin
lin zhang--2021-04-15 11:14:59,300--INFO--输入密码admin
lin zhang--2021-04-15 11:15:12,704--INFO--打开网址
lin zhang--2021-04-15 11:15:13,314--INFO--输入用户名
lin zhang--2021-04-15 11:15:13,468--INFO--输入密码
lin zhang--2021-04-15 11:15:25,478--INFO--打开网址
lin zhang--2021-04-15 11:15:25,986--INFO--输入用户名lily
lin zhang--2021-04-15 11:15:26,292--INFO--输入密码123456
lin zhang--2021-04-15 11:15:39,193--INFO--打开网址
lin zhang--2021-04-15 11:15:39,830--INFO--输入用户名admin
lin zhang--2021-04-15 11:15:40,248--INFO--输入密码admin
lin zhang--2021-04-15 11:15:59,629--INFO--打开网址
lin zhang--2021-04-15 11:16:00,183--INFO--输入用户名admin
lin zhang--2021-04-15 11:16:00,393--INFO--输入密码admin
lin zhang--2021-04-15 11:17:28,186--INFO--打开网址
lin zhang--2021-04-15 11:17:28,680--INFO--输入用户名admin
lin zhang--2021-04-15 11:17:29,120--INFO--输入密码admin
lin zhang--2021-04-15 11:17:42,578--INFO--打开网址
lin zhang--2021-04-15 11:17:43,612--INFO--输入用户名
lin zhang--2021-04-15 11:17:43,819--INFO--输入密码
lin zhang--2021-04-15 11:17:57,169--INFO--打开网址
lin zhang--2021-04-15 11:17:57,589--INFO--输入用户名lily
lin zhang--2021-04-15 11:17:57,831--INFO--输入密码123456
lin zhang--2021-04-15 11:18:10,654--INFO--打开网址
lin zhang--2021-04-15 11:18:11,438--INFO--输入用户名admin
lin zhang--2021-04-15 11:18:11,752--INFO--输入密码admin
lin zhang--2021-04-15 11:18:31,597--INFO--打开网址
lin zhang--2021-04-15 11:18:31,989--INFO--输入用户名admin
lin zhang--2021-04-15 11:18:32,303--INFO--输入密码admin
lin zhang--2021-04-15 11:32:02,350--INFO--打开网址
lin zhang--2021-04-15 11:32:02,882--INFO--输入用户名admin
lin zhang--2021-04-15 11:32:03,275--INFO--输入密码admin
lin zhang--2021-04-15 11:32:18,139--INFO--打开网址
lin zhang--2021-04-15 11:32:18,588--INFO--输入用户名
lin zhang--2021-04-15 11:32:18,983--INFO--输入密码
lin zhang--2021-04-15 11:32:32,372--INFO--打开网址
lin zhang--2021-04-15 11:32:32,810--INFO--输入用户名lily
lin zhang--2021-04-15 11:32:33,199--INFO--输入密码123456
lin zhang--2021-04-15 11:32:46,466--INFO--打开网址
lin zhang--2021-04-15 11:32:46,783--INFO--输入用户名admin
lin zhang--2021-04-15 11:32:47,183--INFO--输入密码admin
lin zhang--2021-04-15 11:33:08,275--INFO--打开网址
lin zhang--2021-04-15 11:33:09,305--INFO--输入用户名admin
lin zhang--2021-04-15 11:33:09,623--INFO--输入密码admin
lin zhang--2021-04-15 11:36:21,319--INFO--打开网址
lin zhang--2021-04-15 11:36:21,807--INFO--输入用户名admin
lin zhang--2021-04-15 11:36:22,273--INFO--输入密码admin
lin zhang--2021-04-15 11:36:35,911--INFO--打开网址
lin zhang--2021-04-15 11:36:36,567--INFO--输入用户名
lin zhang--2021-04-15 11:36:36,834--INFO--输入密码
lin zhang--2021-04-15 11:36:49,972--INFO--打开网址
lin zhang--2021-04-15 11:36:50,561--INFO--输入用户名lily
lin zhang--2021-04-15 11:36:50,895--INFO--输入密码123456
lin zhang--2021-04-15 11:37:03,304--INFO--打开网址
lin zhang--2021-04-15 11:37:03,723--INFO--输入用户名admin
lin zhang--2021-04-15 11:37:03,948--INFO--输入密码admin
lin zhang--2021-04-15 11:37:21,454--INFO--打开网址
lin zhang--2021-04-15 11:37:21,952--INFO--输入用户名admin
lin zhang--2021-04-15 11:37:22,370--INFO--输入密码admin
lin zhang--2021-04-15 11:38:15,245--INFO--打开网址
lin zhang--2021-04-15 11:38:16,068--INFO--输入用户名admin
lin zhang--2021-04-15 11:38:16,362--INFO--输入密码admin
lin zhang--2021-04-15 11:38:32,241--INFO--打开网址
lin zhang--2021-04-15 11:38:32,792--INFO--输入用户名
lin zhang--2021-04-15 11:38:32,969--INFO--输入密码
lin zhang--2021-04-15 11:38:45,138--INFO--打开网址
lin zhang--2021-04-15 11:38:45,747--INFO--输入用户名lily
lin zhang--2021-04-15 11:38:46,066--INFO--输入密码123456
lin zhang--2021-04-15 11:38:59,633--INFO--打开网址
lin zhang--2021-04-15 11:39:00,044--INFO--输入用户名admin
lin zhang--2021-04-15 11:39:00,456--INFO--输入密码admin
lin zhang--2021-04-15 11:39:18,254--INFO--打开网址
lin zhang--2021-04-15 11:39:18,652--INFO--输入用户名admin
lin zhang--2021-04-15 11:39:19,240--INFO--输入密码admin
lin zhang--2021-04-15 18:32:56,824--INFO--打开网址
lin zhang--2021-04-15 18:32:58,082--INFO--输入用户名admin
lin zhang--2021-04-15 18:32:58,615--INFO--输入密码admin
lin zhang--2021-04-15 18:33:17,169--INFO--打开网址
lin zhang--2021-04-15 18:33:17,591--INFO--输入用户名
lin zhang--2021-04-15 18:33:17,847--INFO--输入密码
lin zhang--2021-04-15 18:33:30,591--INFO--打开网址
lin zhang--2021-04-15 18:33:30,896--INFO--输入用户名lily
lin zhang--2021-04-15 18:33:31,179--INFO--输入密码123456
lin zhang--2021-04-15 18:33:45,031--INFO--打开网址
lin zhang--2021-04-15 18:33:45,351--INFO--输入用户名admin
lin zhang--2021-04-15 18:33:45,579--INFO--输入密码admin
lin zhang--2021-04-15 18:34:03,180--INFO--打开网址
lin zhang--2021-04-15 18:34:03,449--INFO--输入用户名admin
lin zhang--2021-04-15 18:34:03,700--INFO--输入密码admin
lin zhang--2021-04-15 18:38:56,089--INFO--打开网址
lin zhang--2021-04-15 18:38:57,942--INFO--输入用户名admin
lin zhang--2021-04-15 18:38:58,095--INFO--输入密码admin
lin zhang--2021-04-15 18:39:13,625--INFO--打开网址
lin zhang--2021-04-15 18:39:14,125--INFO--输入用户名
lin zhang--2021-04-15 18:39:14,256--INFO--输入密码
lin zhang--2021-04-15 18:39:27,129--INFO--打开网址
lin zhang--2021-04-15 18:39:27,729--INFO--输入用户名lily
lin zhang--2021-04-15 18:39:27,878--INFO--输入密码123456
lin zhang--2021-04-15 18:39:40,095--INFO--打开网址
lin zhang--2021-04-15 18:39:40,611--INFO--输入用户名admin
lin zhang--2021-04-15 18:39:40,774--INFO--输入密码admin
lin zhang--2021-04-15 18:39:57,704--INFO--打开网址
lin zhang--2021-04-15 18:39:58,143--INFO--输入用户名admin
lin zhang--2021-04-15 18:39:58,405--INFO--输入密码admin
